Determining if the pthread_create exist failed with the following output:
Change Dir: /home/pi/ROS-Feature-Tracking/build/CMakeFiles/CMakeTmp

Run Build Command:"/usr/bin/make" "cmTC_151fb/fast"
/usr/bin/make -f CMakeFiles/cmTC_151fb.dir/build.make CMakeFiles/cmTC_151fb.dir/build
make[1]: Entering directory '/home/pi/ROS-Feature-Tracking/build/CMakeFiles/CMakeTmp'
Building C object CMakeFiles/cmTC_151fb.dir/CheckSymbolExists.c.o
/usr/bin/cc    -o CMakeFiles/cmTC_151fb.dir/CheckSymbolExists.c.o   -c /home/pi/ROS-Feature-Tracking/build/CMakeFiles/CMakeTmp/CheckSymbolExists.c
Linking C executable cmTC_151fb
/usr/bin/cmake -E cmake_link_script CMakeFiles/cmTC_151fb.dir/link.txt --verbose=1
/usr/bin/cc      -rdynamic CMakeFiles/cmTC_151fb.dir/CheckSymbolExists.c.o  -o cmTC_151fb 
/usr/bin/ld: CMakeFiles/cmTC_151fb.dir/CheckSymbolExists.c.o: in function `main':
CheckSymbolExists.c:(.text+0x38): undefined reference to `pthread_create'
collect2: error: ld returned 1 exit status
make[1]: *** [CMakeFiles/cmTC_151fb.dir/build.make:87: cmTC_151fb] Error 1
make[1]: Leaving directory '/home/pi/ROS-Feature-Tracking/build/CMakeFiles/CMakeTmp'
make: *** [Makefile:121: cmTC_151fb/fast] Error 2

File /home/pi/ROS-Feature-Tracking/build/CMakeFiles/CMakeTmp/CheckSymbolExists.c:
/* */
#include <pthread.h>

int main(int argc, char** argv)
{
  (void)argv;
#ifndef pthread_create
  return ((int*)(&pthread_create))[argc];
#else
  (void)argc;
  return 0;
#endif
}

Determining if the function pthread_create exists in the pthreads failed with the following output:
Change Dir: /home/pi/ROS-Feature-Tracking/build/CMakeFiles/CMakeTmp

Run Build Command:"/usr/bin/make" "cmTC_95283/fast"
/usr/bin/make -f CMakeFiles/cmTC_95283.dir/build.make CMakeFiles/cmTC_95283.dir/build
make[1]: Entering directory '/home/pi/ROS-Feature-Tracking/build/CMakeFiles/CMakeTmp'
Building C object CMakeFiles/cmTC_95283.dir/CheckFunctionExists.c.o
/usr/bin/cc   -DCHECK_FUNCTION_EXISTS=pthread_create   -o CMakeFiles/cmTC_95283.dir/CheckFunctionExists.c.o   -c /usr/share/cmake-3.13/Modules/CheckFunctionExists.c
Linking C executable cmTC_95283
/usr/bin/cmake -E cmake_link_script CMakeFiles/cmTC_95283.dir/link.txt --verbose=1
/usr/bin/cc  -DCHECK_FUNCTION_EXISTS=pthread_create    -rdynamic CMakeFiles/cmTC_95283.dir/CheckFunctionExists.c.o  -o cmTC_95283 -lpthreads 
/usr/bin/ld: cannot find -lpthreads
collect2: error: ld returned 1 exit status
make[1]: *** [CMakeFiles/cmTC_95283.dir/build.make:87: cmTC_95283] Error 1
make[1]: Leaving directory '/home/pi/ROS-Feature-Tracking/build/CMakeFiles/CMakeTmp'
make: *** [Makefile:121: cmTC_95283/fast] Error 2


